05-Jun-2025 15:15:12.930 INFO [main] org.apache.catalina.startup.VersionLoggerListener.log Server version name:   Apache Tomcat/9.0.105
05-Jun-2025 15:15:12.936 INFO [main] org.apache.catalina.startup.VersionLoggerListener.log Server built:          May 7 2025 18:36:02 UTC
05-Jun-2025 15:15:12.936 INFO [main] org.apache.catalina.startup.VersionLoggerListener.log Server version number: 9.0.105.0
05-Jun-2025 15:15:12.937 INFO [main] org.apache.catalina.startup.VersionLoggerListener.log OS Name:               Windows 11
05-Jun-2025 15:15:12.937 INFO [main] org.apache.catalina.startup.VersionLoggerListener.log OS Version:            10.0
05-Jun-2025 15:15:12.937 INFO [main] org.apache.catalina.startup.VersionLoggerListener.log Architecture:          amd64
05-Jun-2025 15:15:12.937 INFO [main] org.apache.catalina.startup.VersionLoggerListener.log Java Home:             C:\Users\KIIT\.jdks\ms-17.0.15
05-Jun-2025 15:15:12.937 INFO [main] org.apache.catalina.startup.VersionLoggerListener.log JVM Version:           17.0.15+6-LTS
05-Jun-2025 15:15:12.937 INFO [main] org.apache.catalina.startup.VersionLoggerListener.log JVM Vendor:            Microsoft
05-Jun-2025 15:15:12.937 INFO [main] org.apache.catalina.startup.VersionLoggerListener.log CATALINA_BASE:         C:\Users\KIIT\Desktop\NISUM\SpringmvcQ1
05-Jun-2025 15:15:12.937 INFO [main] org.apache.catalina.startup.VersionLoggerListener.log CATALINA_HOME:         C:\Users\KIIT\Downloads\apache-tomcat-9.0.105\apache-tomcat-9.0.105
05-Jun-2025 15:15:12.948 INFO [main] org.apache.catalina.startup.VersionLoggerListener.log Command line argument: --add-opens=java.base/java.lang=ALL-UNNAMED
05-Jun-2025 15:15:12.948 INFO [main] org.apache.catalina.startup.VersionLoggerListener.log Command line argument: --add-opens=java.base/java.io=ALL-UNNAMED
05-Jun-2025 15:15:12.949 INFO [main] org.apache.catalina.startup.VersionLoggerListener.log Command line argument: --add-opens=java.base/java.util=ALL-UNNAMED
05-Jun-2025 15:15:12.949 INFO [main] org.apache.catalina.startup.VersionLoggerListener.log Command line argument: --add-opens=java.base/java.util.concurrent=ALL-UNNAMED
05-Jun-2025 15:15:12.949 INFO [main] org.apache.catalina.startup.VersionLoggerListener.log Command line argument: --add-opens=java.rmi/sun.rmi.transport=ALL-UNNAMED
05-Jun-2025 15:15:12.949 INFO [main] org.apache.catalina.startup.VersionLoggerListener.log Command line argument: -Dcatalina.home=C:\Users\KIIT\Downloads\apache-tomcat-9.0.105\apache-tomcat-9.0.105
05-Jun-2025 15:15:12.949 INFO [main] org.apache.catalina.startup.VersionLoggerListener.log Command line argument: -Dcatalina.base=C:\Users\KIIT\Desktop\NISUM\SpringmvcQ1
05-Jun-2025 15:15:12.949 INFO [main] org.apache.catalina.startup.VersionLoggerListener.log Command line argument: -Djava.io.tmpdir=C:\Users\KIIT\Desktop\NISUM\SpringmvcQ1\temp
05-Jun-2025 15:15:12.949 INFO [main] org.apache.catalina.startup.VersionLoggerListener.log Command line argument: -Djava.util.logging.config.file=C:\Users\KIIT\Desktop\NISUM\SpringmvcQ1\conf\logging.properties
05-Jun-2025 15:15:12.949 INFO [main] org.apache.catalina.startup.VersionLoggerListener.log Command line argument: -Djava.util.logging.manager=org.apache.juli.ClassLoaderLogManager
05-Jun-2025 15:15:12.950 INFO [main] org.apache.catalina.startup.VersionLoggerListener.log Command line argument: -javaagent:C:\Program Files\JetBrains\IntelliJ IDEA Community Edition 2025.1.1.1\lib\idea_rt.jar=64611
05-Jun-2025 15:15:12.950 INFO [main] org.apache.catalina.startup.VersionLoggerListener.log Command line argument: -Dfile.encoding=UTF-8
05-Jun-2025 15:15:12.959 INFO [main] org.apache.catalina.core.AprLifecycleListener.lifecycleEvent The Apache Tomcat Native library which allows using OpenSSL was not found on the java.library.path: [C:\Users\KIIT\.jdks\ms-17.0.15\bin;C:\WINDOWS\Sun\Java\bin;C:\WINDOWS\system32;C:\WINDOWS;C:\oraclexe\app\oracle\product\11.2.0\server\bin;C:\Program Files\Common Files\Oracle\Java\javapath;C:\Program Files (x86)\Common Files\Oracle\Java\javapath;C:\WINDOWS\system32;C:\WINDOWS;C:\WINDOWS\System32\Wbem;C:\WINDOWS\System32\WindowsPowerShell\v1.0\;C:\WINDOWS\System32\OpenSSH\;C:\Program Files\dotnet\;C:\Program Files\Git\cmd;C:\Program Files\nodejs\;C:\ProgramData\chocolatey\bin;C:\Program Files\Docker\Docker\resources\bin;C:\Users\KIIT\Downloads\apache-maven-3.9.9\bin;C:\Program Files\Java\jdk-18.0.2\bin;C:\Program Files\MySQL\MySQL Server 8.0\bin;C:\Users\KIIT\Downloads\apache-tomcat-9.0.105\apache-tomcat-9.0.105\bin;C:\Program Files\MySQL\MySQL Shell 8.0\bin\;C:\Users\KIIT\AppData\Local\Programs\Python\Python313\Scripts\;C:\Users\KIIT\AppData\Local\Programs\Python\Python313\;C:\Users\KIIT\AppData\Local\Microsoft\WindowsApps;C:\Users\KIIT\AppData\Local\Programs\Microsoft VS Code\bin;C:\MinGW\bin;C:\Users\KIIT\AppData\Local\GitHubDesktop\bin;C:\Users\KIIT\AppData\Roaming\npm;C:\Program Files\MongoDB\Server\8.0\bin;C:\Users\KIIT\AppData\Local\Programs\mongodb\;C:\Program Files\JetBrains\IntelliJ IDEA Community Edition 2025.1.1.1\bin;;C:\Users\KIIT\Downloads\apache-maven-3.9.9\bin;;.]
05-Jun-2025 15:15:13.422 INFO [main] org.apache.coyote.AbstractProtocol.init Initializing ProtocolHandler ["http-nio-8080"]
05-Jun-2025 15:15:13.457 INFO [main] org.apache.catalina.startup.Catalina.load Server initialization in [791] milliseconds
05-Jun-2025 15:15:13.546 INFO [main] org.apache.catalina.core.StandardService.startInternal Starting service [Catalina]
05-Jun-2025 15:15:13.547 INFO [main] org.apache.catalina.core.StandardEngine.startInternal Starting Servlet engine: [Apache Tomcat/9.0.105]
05-Jun-2025 15:15:13.563 INFO [main] org.apache.catalina.startup.HostConfig.deployDescriptor Deploying deployment descriptor [C:\Users\KIIT\Desktop\NISUM\SpringmvcQ1\conf\Catalina\localhost\SpringmvcQ1.xml]
05-Jun-2025 15:15:16.781 INFO [main] org.apache.jasper.servlet.TldScanner.scanJars At least one JAR was scanned for TLDs yet contained no TLDs. Enable debug logging for this logger for a complete list of JARs that were scanned but no TLDs were found in them. Skipping unneeded JARs during scanning can improve startup time and JSP compilation time.
05-Jun-2025 15:15:17.734 INFO [main] org.apache.catalina.startup.HostConfig.deployDescriptor Deployment of deployment descriptor [C:\Users\KIIT\Desktop\NISUM\SpringmvcQ1\conf\Catalina\localhost\SpringmvcQ1.xml] has finished in [4,170] ms
05-Jun-2025 15:15:17.736 INFO [main] org.apache.coyote.AbstractProtocol.start Starting ProtocolHandler ["http-nio-8080"]
05-Jun-2025 15:15:17.777 INFO [main] org.apache.catalina.startup.Catalina.start Server startup in [4319] milliseconds
05-Jun-2025 15:21:37.725 INFO [Thread-1] org.apache.coyote.AbstractProtocol.pause Pausing ProtocolHandler ["http-nio-8080"]
05-Jun-2025 15:21:37.815 INFO [Thread-1] org.apache.catalina.core.StandardService.stopInternal Stopping service [Catalina]
05-Jun-2025 15:21:37.837 INFO [Thread-1] org.apache.coyote.AbstractProtocol.stop Stopping ProtocolHandler ["http-nio-8080"]
05-Jun-2025 15:21:37.855 INFO [Thread-1] org.apache.coyote.AbstractProtocol.destroy Destroying ProtocolHandler ["http-nio-8080"]
05-Jun-2025 15:22:08.810 INFO [main] org.apache.catalina.startup.VersionLoggerListener.log Server version name:   Apache Tomcat/9.0.105
05-Jun-2025 15:22:08.817 INFO [main] org.apache.catalina.startup.VersionLoggerListener.log Server built:          May 7 2025 18:36:02 UTC
05-Jun-2025 15:22:08.817 INFO [main] org.apache.catalina.startup.VersionLoggerListener.log Server version number: 9.0.105.0
05-Jun-2025 15:22:08.817 INFO [main] org.apache.catalina.startup.VersionLoggerListener.log OS Name:               Windows 11
05-Jun-2025 15:22:08.818 INFO [main] org.apache.catalina.startup.VersionLoggerListener.log OS Version:            10.0
05-Jun-2025 15:22:08.818 INFO [main] org.apache.catalina.startup.VersionLoggerListener.log Architecture:          amd64
05-Jun-2025 15:22:08.818 INFO [main] org.apache.catalina.startup.VersionLoggerListener.log Java Home:             C:\Users\KIIT\.jdks\ms-17.0.15
05-Jun-2025 15:22:08.818 INFO [main] org.apache.catalina.startup.VersionLoggerListener.log JVM Version:           17.0.15+6-LTS
05-Jun-2025 15:22:08.818 INFO [main] org.apache.catalina.startup.VersionLoggerListener.log JVM Vendor:            Microsoft
05-Jun-2025 15:22:08.818 INFO [main] org.apache.catalina.startup.VersionLoggerListener.log CATALINA_BASE:         C:\Users\KIIT\Desktop\NISUM\SpringmvcQ1
05-Jun-2025 15:22:08.818 INFO [main] org.apache.catalina.startup.VersionLoggerListener.log CATALINA_HOME:         C:\Users\KIIT\Downloads\apache-tomcat-9.0.105\apache-tomcat-9.0.105
05-Jun-2025 15:22:08.830 INFO [main] org.apache.catalina.startup.VersionLoggerListener.log Command line argument: --add-opens=java.base/java.lang=ALL-UNNAMED
05-Jun-2025 15:22:08.831 INFO [main] org.apache.catalina.startup.VersionLoggerListener.log Command line argument: --add-opens=java.base/java.io=ALL-UNNAMED
05-Jun-2025 15:22:08.831 INFO [main] org.apache.catalina.startup.VersionLoggerListener.log Command line argument: --add-opens=java.base/java.util=ALL-UNNAMED
05-Jun-2025 15:22:08.831 INFO [main] org.apache.catalina.startup.VersionLoggerListener.log Command line argument: --add-opens=java.base/java.util.concurrent=ALL-UNNAMED
05-Jun-2025 15:22:08.831 INFO [main] org.apache.catalina.startup.VersionLoggerListener.log Command line argument: --add-opens=java.rmi/sun.rmi.transport=ALL-UNNAMED
05-Jun-2025 15:22:08.831 INFO [main] org.apache.catalina.startup.VersionLoggerListener.log Command line argument: -agentlib:jdwp=transport=dt_socket,address=127.0.0.1:64918,suspend=y,server=n
05-Jun-2025 15:22:08.831 INFO [main] org.apache.catalina.startup.VersionLoggerListener.log Command line argument: -javaagent:C:\Users\KIIT\AppData\Local\JetBrains\IdeaIC2025.1\captureAgent\debugger-agent.jar=file:///C:/Users/KIIT/AppData/Local/Temp/capture13237065657159832660.props
05-Jun-2025 15:22:08.831 INFO [main] org.apache.catalina.startup.VersionLoggerListener.log Command line argument: -Dcatalina.home=C:\Users\KIIT\Downloads\apache-tomcat-9.0.105\apache-tomcat-9.0.105
05-Jun-2025 15:22:08.831 INFO [main] org.apache.catalina.startup.VersionLoggerListener.log Command line argument: -Dcatalina.base=C:\Users\KIIT\Desktop\NISUM\SpringmvcQ1
05-Jun-2025 15:22:08.832 INFO [main] org.apache.catalina.startup.VersionLoggerListener.log Command line argument: -Djava.io.tmpdir=C:\Users\KIIT\Desktop\NISUM\SpringmvcQ1\temp
05-Jun-2025 15:22:08.832 INFO [main] org.apache.catalina.startup.VersionLoggerListener.log Command line argument: -Djava.util.logging.config.file=C:\Users\KIIT\Desktop\NISUM\SpringmvcQ1\conf\logging.properties
05-Jun-2025 15:22:08.832 INFO [main] org.apache.catalina.startup.VersionLoggerListener.log Command line argument: -Djava.util.logging.manager=org.apache.juli.ClassLoaderLogManager
05-Jun-2025 15:22:08.832 INFO [main] org.apache.catalina.startup.VersionLoggerListener.log Command line argument: -Dkotlinx.coroutines.debug.enable.creation.stack.trace=false
05-Jun-2025 15:22:08.832 INFO [main] org.apache.catalina.startup.VersionLoggerListener.log Command line argument: -Ddebugger.agent.enable.coroutines=true
05-Jun-2025 15:22:08.832 INFO [main] org.apache.catalina.startup.VersionLoggerListener.log Command line argument: -Dkotlinx.coroutines.debug.enable.flows.stack.trace=true
05-Jun-2025 15:22:08.832 INFO [main] org.apache.catalina.startup.VersionLoggerListener.log Command line argument: -Dkotlinx.coroutines.debug.enable.mutable.state.flows.stack.trace=true
05-Jun-2025 15:22:08.832 INFO [main] org.apache.catalina.startup.VersionLoggerListener.log Command line argument: -Dfile.encoding=UTF-8
05-Jun-2025 15:22:08.841 INFO [main] org.apache.catalina.core.AprLifecycleListener.lifecycleEvent The Apache Tomcat Native library which allows using OpenSSL was not found on the java.library.path: [C:\Users\KIIT\.jdks\ms-17.0.15\bin;C:\WINDOWS\Sun\Java\bin;C:\WINDOWS\system32;C:\WINDOWS;C:\oraclexe\app\oracle\product\11.2.0\server\bin;C:\Program Files\Common Files\Oracle\Java\javapath;C:\Program Files (x86)\Common Files\Oracle\Java\javapath;C:\WINDOWS\system32;C:\WINDOWS;C:\WINDOWS\System32\Wbem;C:\WINDOWS\System32\WindowsPowerShell\v1.0\;C:\WINDOWS\System32\OpenSSH\;C:\Program Files\dotnet\;C:\Program Files\Git\cmd;C:\Program Files\nodejs\;C:\ProgramData\chocolatey\bin;C:\Program Files\Docker\Docker\resources\bin;C:\Users\KIIT\Downloads\apache-maven-3.9.9\bin;C:\Program Files\Java\jdk-18.0.2\bin;C:\Program Files\MySQL\MySQL Server 8.0\bin;C:\Users\KIIT\Downloads\apache-tomcat-9.0.105\apache-tomcat-9.0.105\bin;C:\Program Files\MySQL\MySQL Shell 8.0\bin\;C:\Users\KIIT\AppData\Local\Programs\Python\Python313\Scripts\;C:\Users\KIIT\AppData\Local\Programs\Python\Python313\;C:\Users\KIIT\AppData\Local\Microsoft\WindowsApps;C:\Users\KIIT\AppData\Local\Programs\Microsoft VS Code\bin;C:\MinGW\bin;C:\Users\KIIT\AppData\Local\GitHubDesktop\bin;C:\Users\KIIT\AppData\Roaming\npm;C:\Program Files\MongoDB\Server\8.0\bin;C:\Users\KIIT\AppData\Local\Programs\mongodb\;C:\Program Files\JetBrains\IntelliJ IDEA Community Edition 2025.1.1.1\bin;;C:\Users\KIIT\Downloads\apache-maven-3.9.9\bin;;.]
05-Jun-2025 15:22:09.203 INFO [main] org.apache.coyote.AbstractProtocol.init Initializing ProtocolHandler ["http-nio-8080"]
05-Jun-2025 15:22:09.247 INFO [main] org.apache.catalina.startup.Catalina.load Server initialization in [684] milliseconds
05-Jun-2025 15:22:09.304 INFO [main] org.apache.catalina.core.StandardService.startInternal Starting service [Catalina]
05-Jun-2025 15:22:09.304 INFO [main] org.apache.catalina.core.StandardEngine.startInternal Starting Servlet engine: [Apache Tomcat/9.0.105]
05-Jun-2025 15:22:09.316 INFO [main] org.apache.catalina.startup.HostConfig.deployDescriptor Deploying deployment descriptor [C:\Users\KIIT\Desktop\NISUM\SpringmvcQ1\conf\Catalina\localhost\SpringmvcQ1.xml]
05-Jun-2025 15:22:12.123 INFO [main] org.apache.jasper.servlet.TldScanner.scanJars At least one JAR was scanned for TLDs yet contained no TLDs. Enable debug logging for this logger for a complete list of JARs that were scanned but no TLDs were found in them. Skipping unneeded JARs during scanning can improve startup time and JSP compilation time.
05-Jun-2025 15:22:13.295 INFO [main] org.apache.catalina.startup.HostConfig.deployDescriptor Deployment of deployment descriptor [C:\Users\KIIT\Desktop\NISUM\SpringmvcQ1\conf\Catalina\localhost\SpringmvcQ1.xml] has finished in [3,978] ms
05-Jun-2025 15:22:13.300 INFO [main] org.apache.coyote.AbstractProtocol.start Starting ProtocolHandler ["http-nio-8080"]
05-Jun-2025 15:22:13.351 INFO [main] org.apache.catalina.startup.Catalina.start Server startup in [4103] milliseconds
05-Jun-2025 15:24:41.970 INFO [Thread-1] org.apache.coyote.AbstractProtocol.pause Pausing ProtocolHandler ["http-nio-8080"]
05-Jun-2025 15:24:42.067 INFO [Thread-1] org.apache.catalina.core.StandardService.stopInternal Stopping service [Catalina]
05-Jun-2025 15:24:42.082 INFO [Thread-1] org.apache.coyote.AbstractProtocol.stop Stopping ProtocolHandler ["http-nio-8080"]
05-Jun-2025 15:24:42.106 INFO [Thread-1] org.apache.coyote.AbstractProtocol.destroy Destroying ProtocolHandler ["http-nio-8080"]
05-Jun-2025 15:25:01.316 INFO [main] org.apache.catalina.startup.VersionLoggerListener.log Server version name:   Apache Tomcat/9.0.105
05-Jun-2025 15:25:01.322 INFO [main] org.apache.catalina.startup.VersionLoggerListener.log Server built:          May 7 2025 18:36:02 UTC
05-Jun-2025 15:25:01.322 INFO [main] org.apache.catalina.startup.VersionLoggerListener.log Server version number: 9.0.105.0
05-Jun-2025 15:25:01.323 INFO [main] org.apache.catalina.startup.VersionLoggerListener.log OS Name:               Windows 11
05-Jun-2025 15:25:01.323 INFO [main] org.apache.catalina.startup.VersionLoggerListener.log OS Version:            10.0
05-Jun-2025 15:25:01.323 INFO [main] org.apache.catalina.startup.VersionLoggerListener.log Architecture:          amd64
05-Jun-2025 15:25:01.323 INFO [main] org.apache.catalina.startup.VersionLoggerListener.log Java Home:             C:\Users\KIIT\.jdks\ms-17.0.15
05-Jun-2025 15:25:01.323 INFO [main] org.apache.catalina.startup.VersionLoggerListener.log JVM Version:           17.0.15+6-LTS
05-Jun-2025 15:25:01.323 INFO [main] org.apache.catalina.startup.VersionLoggerListener.log JVM Vendor:            Microsoft
05-Jun-2025 15:25:01.323 INFO [main] org.apache.catalina.startup.VersionLoggerListener.log CATALINA_BASE:         C:\Users\KIIT\Desktop\NISUM\SpringmvcQ1
05-Jun-2025 15:25:01.323 INFO [main] org.apache.catalina.startup.VersionLoggerListener.log CATALINA_HOME:         C:\Users\KIIT\Downloads\apache-tomcat-9.0.105\apache-tomcat-9.0.105
05-Jun-2025 15:25:01.341 INFO [main] org.apache.catalina.startup.VersionLoggerListener.log Command line argument: --add-opens=java.base/java.lang=ALL-UNNAMED
05-Jun-2025 15:25:01.342 INFO [main] org.apache.catalina.startup.VersionLoggerListener.log Command line argument: --add-opens=java.base/java.io=ALL-UNNAMED
05-Jun-2025 15:25:01.342 INFO [main] org.apache.catalina.startup.VersionLoggerListener.log Command line argument: --add-opens=java.base/java.util=ALL-UNNAMED
05-Jun-2025 15:25:01.342 INFO [main] org.apache.catalina.startup.VersionLoggerListener.log Command line argument: --add-opens=java.base/java.util.concurrent=ALL-UNNAMED
05-Jun-2025 15:25:01.342 INFO [main] org.apache.catalina.startup.VersionLoggerListener.log Command line argument: --add-opens=java.rmi/sun.rmi.transport=ALL-UNNAMED
05-Jun-2025 15:25:01.342 INFO [main] org.apache.catalina.startup.VersionLoggerListener.log Command line argument: -agentlib:jdwp=transport=dt_socket,address=127.0.0.1:65043,suspend=y,server=n
05-Jun-2025 15:25:01.342 INFO [main] org.apache.catalina.startup.VersionLoggerListener.log Command line argument: -javaagent:C:\Users\KIIT\AppData\Local\JetBrains\IdeaIC2025.1\captureAgent\debugger-agent.jar=file:///C:/Users/KIIT/AppData/Local/Temp/capture1113251051071850324.props
05-Jun-2025 15:25:01.342 INFO [main] org.apache.catalina.startup.VersionLoggerListener.log Command line argument: -Dcatalina.home=C:\Users\KIIT\Downloads\apache-tomcat-9.0.105\apache-tomcat-9.0.105
05-Jun-2025 15:25:01.343 INFO [main] org.apache.catalina.startup.VersionLoggerListener.log Command line argument: -Dcatalina.base=C:\Users\KIIT\Desktop\NISUM\SpringmvcQ1
05-Jun-2025 15:25:01.343 INFO [main] org.apache.catalina.startup.VersionLoggerListener.log Command line argument: -Djava.io.tmpdir=C:\Users\KIIT\Desktop\NISUM\SpringmvcQ1\temp
05-Jun-2025 15:25:01.343 INFO [main] org.apache.catalina.startup.VersionLoggerListener.log Command line argument: -Djava.util.logging.config.file=C:\Users\KIIT\Desktop\NISUM\SpringmvcQ1\conf\logging.properties
05-Jun-2025 15:25:01.343 INFO [main] org.apache.catalina.startup.VersionLoggerListener.log Command line argument: -Djava.util.logging.manager=org.apache.juli.ClassLoaderLogManager
05-Jun-2025 15:25:01.343 INFO [main] org.apache.catalina.startup.VersionLoggerListener.log Command line argument: -Dkotlinx.coroutines.debug.enable.creation.stack.trace=false
05-Jun-2025 15:25:01.343 INFO [main] org.apache.catalina.startup.VersionLoggerListener.log Command line argument: -Ddebugger.agent.enable.coroutines=true
05-Jun-2025 15:25:01.343 INFO [main] org.apache.catalina.startup.VersionLoggerListener.log Command line argument: -Dkotlinx.coroutines.debug.enable.flows.stack.trace=true
05-Jun-2025 15:25:01.344 INFO [main] org.apache.catalina.startup.VersionLoggerListener.log Command line argument: -Dkotlinx.coroutines.debug.enable.mutable.state.flows.stack.trace=true
05-Jun-2025 15:25:01.344 INFO [main] org.apache.catalina.startup.VersionLoggerListener.log Command line argument: -Dfile.encoding=UTF-8
05-Jun-2025 15:25:01.350 INFO [main] org.apache.catalina.core.AprLifecycleListener.lifecycleEvent The Apache Tomcat Native library which allows using OpenSSL was not found on the java.library.path: [C:\Users\KIIT\.jdks\ms-17.0.15\bin;C:\WINDOWS\Sun\Java\bin;C:\WINDOWS\system32;C:\WINDOWS;C:\oraclexe\app\oracle\product\11.2.0\server\bin;C:\Program Files\Common Files\Oracle\Java\javapath;C:\Program Files (x86)\Common Files\Oracle\Java\javapath;C:\WINDOWS\system32;C:\WINDOWS;C:\WINDOWS\System32\Wbem;C:\WINDOWS\System32\WindowsPowerShell\v1.0\;C:\WINDOWS\System32\OpenSSH\;C:\Program Files\dotnet\;C:\Program Files\Git\cmd;C:\Program Files\nodejs\;C:\ProgramData\chocolatey\bin;C:\Program Files\Docker\Docker\resources\bin;C:\Users\KIIT\Downloads\apache-maven-3.9.9\bin;C:\Program Files\Java\jdk-18.0.2\bin;C:\Program Files\MySQL\MySQL Server 8.0\bin;C:\Users\KIIT\Downloads\apache-tomcat-9.0.105\apache-tomcat-9.0.105\bin;C:\Program Files\MySQL\MySQL Shell 8.0\bin\;C:\Users\KIIT\AppData\Local\Programs\Python\Python313\Scripts\;C:\Users\KIIT\AppData\Local\Programs\Python\Python313\;C:\Users\KIIT\AppData\Local\Microsoft\WindowsApps;C:\Users\KIIT\AppData\Local\Programs\Microsoft VS Code\bin;C:\MinGW\bin;C:\Users\KIIT\AppData\Local\GitHubDesktop\bin;C:\Users\KIIT\AppData\Roaming\npm;C:\Program Files\MongoDB\Server\8.0\bin;C:\Users\KIIT\AppData\Local\Programs\mongodb\;C:\Program Files\JetBrains\IntelliJ IDEA Community Edition 2025.1.1.1\bin;;C:\Users\KIIT\Downloads\apache-maven-3.9.9\bin;;.]
05-Jun-2025 15:25:01.705 INFO [main] org.apache.coyote.AbstractProtocol.init Initializing ProtocolHandler ["http-nio-8080"]
05-Jun-2025 15:25:01.737 INFO [main] org.apache.catalina.startup.Catalina.load Server initialization in [685] milliseconds
05-Jun-2025 15:25:01.789 INFO [main] org.apache.catalina.core.StandardService.startInternal Starting service [Catalina]
05-Jun-2025 15:25:01.789 INFO [main] org.apache.catalina.core.StandardEngine.startInternal Starting Servlet engine: [Apache Tomcat/9.0.105]
05-Jun-2025 15:25:01.801 INFO [main] org.apache.catalina.startup.HostConfig.deployDescriptor Deploying deployment descriptor [C:\Users\KIIT\Desktop\NISUM\SpringmvcQ1\conf\Catalina\localhost\SpringmvcQ1.xml]
05-Jun-2025 15:25:04.697 INFO [main] org.apache.jasper.servlet.TldScanner.scanJars At least one JAR was scanned for TLDs yet contained no TLDs. Enable debug logging for this logger for a complete list of JARs that were scanned but no TLDs were found in them. Skipping unneeded JARs during scanning can improve startup time and JSP compilation time.
05-Jun-2025 15:25:06.223 INFO [main] org.apache.catalina.startup.HostConfig.deployDescriptor Deployment of deployment descriptor [C:\Users\KIIT\Desktop\NISUM\SpringmvcQ1\conf\Catalina\localhost\SpringmvcQ1.xml] has finished in [4,421] ms
05-Jun-2025 15:25:06.228 INFO [main] org.apache.coyote.AbstractProtocol.start Starting ProtocolHandler ["http-nio-8080"]
05-Jun-2025 15:25:06.275 INFO [main] org.apache.catalina.startup.Catalina.start Server startup in [4537] milliseconds
05-Jun-2025 15:25:14.184 INFO [Thread-1] org.apache.coyote.AbstractProtocol.pause Pausing ProtocolHandler ["http-nio-8080"]
05-Jun-2025 15:25:14.281 INFO [Thread-1] org.apache.catalina.core.StandardService.stopInternal Stopping service [Catalina]
05-Jun-2025 15:25:14.293 INFO [Thread-1] org.apache.coyote.AbstractProtocol.stop Stopping ProtocolHandler ["http-nio-8080"]
05-Jun-2025 15:25:14.309 INFO [Thread-1] org.apache.coyote.AbstractProtocol.destroy Destroying ProtocolHandler ["http-nio-8080"]
